<?xml version="1.0" encoding="UTF-8"?>
<!-- Generated by org.testng.reporters.JUnitReportReporter -->
<testsuite hostname="DESKTOP-04LC3BM" failures="0" tests="1" name="testPackage.TestActiTimeLogout" time="13.418" errors="0" timestamp="2022-11-18T21:22:28 IST" skipped="0">
  <testcase classname="testPackage.TestActiTimeLogout" name="logOut" time="13.418"/>
  <system-out>
    <![CDATA[logOut has been started
logOut completed successfully.]]>
  </system-out>
</testsuite> <!-- testPackage.TestActiTimeLogout -->
