<?xml version="1.0" encoding="UTF-8"?>
<!-- Generated by org.testng.reporters.JUnitReportReporter -->
<testsuite hostname="DESKTOP-04LC3BM" failures="0" tests="1" name="testPackage.TestActiTimeValidLogin" time="6.474" errors="0" timestamp="2022-11-18T11:42:09 IST" skipped="0">
  <testcase classname="testPackage.TestActiTimeValidLogin" name="testValidLogin" time="6.474"/>
  <system-out>
    <![CDATA[testValidLogin has been started
testValidLogin completed successfully.]]>
  </system-out>
</testsuite> <!-- testPackage.TestActiTimeValidLogin -->
