<?xml version="1.0" encoding="UTF-8"?>
<!-- Generated by org.testng.reporters.JUnitReportReporter -->
<testsuite hostname="DESKTOP-04LC3BM" failures="0" tests="1" name="testPackage.TestActiTimeInvalidLogin" time="3.929" errors="0" timestamp="2022-11-16T23:47:38 IST" skipped="0">
  <testcase classname="testPackage.TestActiTimeInvalidLogin" name="actiTimeInvalidLogin" time="3.929"/>
  <system-out/>
</testsuite> <!-- testPackage.TestActiTimeInvalidLogin -->
