<?xml version="1.0" encoding="UTF-8"?>
<!-- Generated by org.testng.reporters.JUnitReportReporter -->
<testsuite hostname="DESKTOP-04LC3BM" failures="0" tests="1" name="testPackage.ActiTimeInvalidLogIn" time="33.259" errors="0" timestamp="2022-11-18T21:56:17 IST" skipped="0">
  <testcase classname="testPackage.ActiTimeInvalidLogIn" name="testInValidLogin" time="33.259"/>
  <system-out>
    <![CDATA[testInValidLogin has been started
testInValidLogin completed successfully.]]>
  </system-out>
</testsuite> <!-- testPackage.ActiTimeInvalidLogIn -->
